<?xml version="1.0" encoding="UTF-8"?>
<testng-results skipped="0" failed="1" total="1" passed="0">
  <reporter-output>
  </reporter-output>
  <suite name="Default suite" duration-ms="117" started-at="2016-12-06T10:05:48Z" finished-at="2016-12-06T10:05:48Z">
    <groups>
    </groups>
    <test name="Default test" duration-ms="117" started-at="2016-12-06T10:05:48Z" finished-at="2016-12-06T10:05:48Z">
      <class name="extentreport.seleniumtitle">
        <test-method status="FAIL" signature="verifyblogtitle()[pri:0, instance:extentreport.seleniumtitle@32d992b2]" name="verifyblogtitle" duration-ms="76" started-at="2016-12-06T15:35:48Z" finished-at="2016-12-06T15:35:48Z">
          <exception class="java.lang.NoClassDefFoundError">
            <message>
              <![CDATA[freemarker/ext/beans/BeansWrapperBuilder]]>
            </message>
            <full-stacktrace>
              <![CDATA[java.lang.NoClassDefFoundError: freemarker/ext/beans/BeansWrapperBuilder
	at com.relevantcodes.extentreports.HTMLReporter.start(HTMLReporter.java:75)
	at com.relevantcodes.extentreports.Report.attach(Report.java:302)
	at com.relevantcodes.extentreports.ExtentReports.<init>(ExtentReports.java:78)
	at com.relevantcodes.extentreports.ExtentReports.<init>(ExtentReports.java:407)
	at extentreport.seleniumtitle.verifyblogtitle(seleniumtitle.java:29)
	at sun.reflect.NativeMethodAccessorImpl.invoke0(Native Method)
	at sun.reflect.NativeMethodAccessorImpl.invoke(Unknown Source)
	at sun.reflect.DelegatingMethodAccessorImpl.invoke(Unknown Source)
	at java.lang.reflect.Method.invoke(Unknown Source)
	at org.testng.internal.MethodInvocationHelper.invokeMethod(MethodInvocationHelper.java:100)
	at org.testng.internal.Invoker.invokeMethod(Invoker.java:646)
	at org.testng.internal.Invoker.invokeTestMethod(Invoker.java:811)
	at org.testng.internal.Invoker.invokeTestMethods(Invoker.java:1129)
	at org.testng.internal.TestMethodWorker.invokeTestMethods(TestMethodWorker.java:129)
	at org.testng.internal.TestMethodWorker.run(TestMethodWorker.java:112)
	at org.testng.TestRunner.privateRun(TestRunner.java:746)
	at org.testng.TestRunner.run(TestRunner.java:600)
	at org.testng.SuiteRunner.runTest(SuiteRunner.java:366)
	at org.testng.SuiteRunner.runSequentially(SuiteRunner.java:361)
	at org.testng.SuiteRunner.privateRun(SuiteRunner.java:319)
	at org.testng.SuiteRunner.run(SuiteRunner.java:268)
	at org.testng.SuiteRunnerWorker.runSuite(SuiteRunnerWorker.java:52)
	at org.testng.SuiteRunnerWorker.run(SuiteRunnerWorker.java:86)
	at org.testng.TestNG.runSuitesSequentially(TestNG.java:1264)
	at org.testng.TestNG.runSuitesLocally(TestNG.java:1189)
	at org.testng.TestNG.runSuites(TestNG.java:1104)
	at org.testng.TestNG.run(TestNG.java:1076)
	at org.testng.remote.AbstractRemoteTestNG.run(AbstractRemoteTestNG.java:126)
	at org.testng.remote.RemoteTestNG.initAndRun(RemoteTestNG.java:152)
	at org.testng.remote.RemoteTestNG.main(RemoteTestNG.java:57)
Caused by: java.lang.ClassNotFoundException: freemarker.ext.beans.BeansWrapperBuilder
	at java.net.URLClassLoader.findClass(Unknown Source)
	at java.lang.ClassLoader.loadClass(Unknown Source)
	at sun.misc.Launcher$AppClassLoader.loadClass(Unknown Source)
	at java.lang.ClassLoader.loadClass(Unknown Source)
	... 30 more
]]>
            </full-stacktrace>
          </exception> <!-- java.lang.NoClassDefFoundError -->
          <reporter-output>
          </reporter-output>
        </test-method> <!-- verifyblogtitle -->
      </class> <!-- extentreport.seleniumtitle -->
    </test> <!-- Default test -->
  </suite> <!-- Default suite -->
</testng-results>
